<?xml version="1.0" encoding="UTF-8"?>
<!-- Generated by org.testng.reporters.JUnitXMLReporter -->
<testsuite ignored="0" hostname="LAPTOP-GI6UM35A" failures="1" tests="1" name="Default test" time="2.479" errors="0" timestamp="2022-09-26T10:51:10 IST">
  <testcase classname="io.cucumber.testng.AbstractTestNGCucumberTests" name="runScenario" time="1.421">
    <failure type="java.lang.NullPointerException" message="Cannot invoke &amp;quot;java.util.Properties.getProperty(String)&amp;quot; because &amp;quot;tutorialsninja_Base.tutorialsninja_BaseClass.prop&amp;quot; is null">
      <![CDATA[java.lang.NullPointerException: Cannot invoke "java.util.Properties.getProperty(String)" because "tutorialsninja_Base.tutorialsninja_BaseClass.prop" is null
at tutorialsninja_Base.tutorialsninja_BaseClass.launchApp(tutorialsninja_BaseClass.java:49)
at stepdefinitions.Login.open_any_browser(Login.java:25)
at ✽.Open any Browser(file:///C:/Users/91735/eclipse-workspace/java_framework/tutorialsninja_ComFrameWork/src/test/java/features/Login.feature:4)
]]>
    </failure>
  </testcase> <!-- runScenario -->
</testsuite> <!-- Default test -->
