<?xml version="1.0" encoding="UTF-8"?>
<testsuite name="Test"
           tests="1"
           failures="1"
           errors="0"
           skipped="0"
           time="0.375">
  <properties />
            <testcase name="runScenario" time="0.375" classname="runnerCucumber.runner">
                <failure type="java.lang.NullPointerException"
                  message="Cannot invoke &quot;java.util.Properties.getProperty(String)&quot; because &quot;tutorialsninja_Base.tutorialsninja_BaseClass.prop&quot; is null"
              >
<![CDATA[java.lang.NullPointerException: Cannot invoke "java.util.Properties.getProperty(String)" because "tutorialsninja_Base.tutorialsninja_BaseClass.prop" is null
  tutorialsninja_Base.tutorialsninja_BaseClass.launchApp(tutorialsninja_BaseClass.java:49)
  stepdefinitions.Login.open_any_browser(Login.java:25)
  ✽.Open any Browser(file:///C:/Users/91735/eclipse-workspace/java_framework/tutorialsninja_ComFrameWork/src/test/java/features/Login.feature:4)
]]>
      </failure>

          </testcase>
  
  
  
</testsuite>
