<?xml version="1.0" encoding="UTF-8"?>
<!-- Generated by org.testng.reporters.JUnitReportReporter -->
<testsuite hostname="LAPTOP-GI6UM35A" failures="0" tests="1" name="runnerCucumber.runner" time="0.375" errors="1" timestamp="2022-10-10T16:17:32 IST" skipped="0">
  <testcase classname="runnerCucumber.runner" name="runScenario" time="0.375">
    <error message="Cannot invoke &quot;java.util.Properties.getProperty(String)&quot; because &quot;tutorialsninja_Base.tutorialsninja_BaseClass.prop&quot; is null" type="java.lang.NullPointerException">
      <![CDATA[java.lang.NullPointerException: Cannot invoke "java.util.Properties.getProperty(String)" because "tutorialsninja_Base.tutorialsninja_BaseClass.prop" is null
at tutorialsninja_Base.tutorialsninja_BaseClass.launchApp(tutorialsninja_BaseClass.java:49)
at stepdefinitions.Login.open_any_browser(Login.java:25)
at ✽.Open any Browser(file:///C:/Users/91735/eclipse-workspace/java_framework/tutorialsninja_ComFrameWork/src/test/java/features/Login.feature:4)
]]>
    </error>
  </testcase> <!-- runScenario -->
  <system-out/>
</testsuite> <!-- runnerCucumber.runner -->
